<?xml version="1.0" encoding="UTF-8"?>
<!-- Generated by org.testng.reporters.JUnitXMLReporter -->
<testsuite ignored="0" hostname="JENSI" failures="0" tests="3" name="Surefire test" time="2.628" errors="0" timestamp="18 Jul 2023 15:45:24 GMT">
  <testcase classname="com.qa.tests.PostAPITest" name="postAPITest" time="2.341"/>
  <testcase classname="com.qa.tests.GetAPITest" name="getAPIWithoutHeadersTest" time="0.135"/>
  <testcase classname="com.qa.tests.GetAPITest" name="getAPIWithHeadersTest" time="0.118"/>
</testsuite> <!-- Surefire test -->
