<?xml version="1.0" encoding="UTF-8"?>
<testsuite xmlns:xsi="http://www.w3.org/2001/XMLSchema-instance" xsi:noNamespaceSchemaLocation="https://maven.apache.org/surefire/maven-surefire-plugin/xsd/surefire-test-report.xsd" name="TestSuite" time="3.208" tests="3" errors="0" skipped="0" failures="0">
  <properties>
[...]
</properties>
  <testcase name="postAPITest" classname="com.qa.tests.PostAPITest" time="2.344"/>
  <testcase name="getAPIWithoutHeadersTest" classname="com.qa.tests.GetAPITest" time="0.132"/>
  <testcase name="getAPIWithHeadersTest" classname="com.qa.tests.GetAPITest" time="0.125"/>
</testsuite>