<?xml version="1.0" encoding="UTF-8"?>
<testng-results ignored="0" total="3" passed="3" failed="0" skipped="0">
  <reporter-output>
  </reporter-output>
  <suite started-at="2023-07-18T15:45:22Z" name="Surefire suite" finished-at="2023-07-18T15:45:24Z" duration-ms="2628">
    <groups>
    </groups>
    <test started-at="2023-07-18T15:45:22Z" name="Surefire test" finished-at="2023-07-18T15:45:24Z" duration-ms="2628">
      <class name="com.qa.tests.PostAPITest">
        <test-method is-config="true" signature="setUp()[pri:0, instance:com.qa.tests.PostAPITest@4f18837a]" started-at="2023-07-18T11:45:22Z" name="setUp" finished-at="2023-07-18T11:45:22Z" duration-ms="8" status="PASS">
          <reporter-output>
          </reporter-output>
        </test-method> <!-- setUp -->
        <test-method signature="postAPITest()[pri:0, instance:com.qa.tests.PostAPITest@4f18837a]" started-at="2023-07-18T11:45:22Z" name="postAPITest" finished-at="2023-07-18T11:45:24Z" duration-ms="2341" status="PASS">
          <reporter-output>
          </reporter-output>
        </test-method> <!-- postAPITest -->
      </class> <!-- com.qa.tests.PostAPITest -->
      <class name="com.qa.tests.GetAPITest">
        <test-method is-config="true" signature="setUp()[pri:0, instance:com.qa.tests.GetAPITest@6356695f]" started-at="2023-07-18T11:45:24Z" name="setUp" finished-at="2023-07-18T11:45:24Z" duration-ms="1" status="PASS">
          <reporter-output>
          </reporter-output>
        </test-method> <!-- setUp -->
        <test-method signature="getAPIWithoutHeadersTest()[pri:1, instance:com.qa.tests.GetAPITest@6356695f]" started-at="2023-07-18T11:45:24Z" name="getAPIWithoutHeadersTest" finished-at="2023-07-18T11:45:24Z" duration-ms="135" status="PASS">
          <reporter-output>
          </reporter-output>
        </test-method> <!-- getAPIWithoutHeadersTest -->
        <test-method is-config="true" signature="setUp()[pri:0, instance:com.qa.tests.GetAPITest@6356695f]" started-at="2023-07-18T11:45:24Z" name="setUp" finished-at="2023-07-18T11:45:24Z" duration-ms="1" status="PASS">
          <reporter-output>
          </reporter-output>
        </test-method> <!-- setUp -->
        <test-method signature="getAPIWithHeadersTest()[pri:2, instance:com.qa.tests.GetAPITest@6356695f]" started-at="2023-07-18T11:45:24Z" name="getAPIWithHeadersTest" finished-at="2023-07-18T11:45:24Z" duration-ms="118" status="PASS">
          <reporter-output>
          </reporter-output>
        </test-method> <!-- getAPIWithHeadersTest -->
      </class> <!-- com.qa.tests.GetAPITest -->
    </test> <!-- Surefire test -->
  </suite> <!-- Surefire suite -->
</testng-results>
