<?xml version="1.0" encoding="UTF-8"?>
<testng-results ignored="0" total="1" passed="1" failed="0" skipped="0">
  <reporter-output>
  </reporter-output>
  <suite started-at="2023-07-19T16:59:43Z" name="Default suite" finished-at="2023-07-19T16:59:44Z" duration-ms="942">
    <groups>
    </groups>
    <test started-at="2023-07-19T16:59:43Z" name="Default test" finished-at="2023-07-19T16:59:44Z" duration-ms="942">
      <class name="com.qa.tests.DeleteCallTest">
        <test-method is-config="true" signature="setUp()[pri:0, instance:com.qa.tests.DeleteCallTest@fbd1f6]" started-at="2023-07-19T12:59:43Z" name="setUp" finished-at="2023-07-19T12:59:43Z" duration-ms="5" status="PASS">
          <reporter-output>
          </reporter-output>
        </test-method> <!-- setUp -->
        <test-method signature="deleteAPIUser()[pri:0, instance:com.qa.tests.DeleteCallTest@fbd1f6]" started-at="2023-07-19T12:59:43Z" name="deleteAPIUser" finished-at="2023-07-19T12:59:44Z" duration-ms="923" status="PASS">
          <reporter-output>
          </reporter-output>
        </test-method> <!-- deleteAPIUser -->
      </class> <!-- com.qa.tests.DeleteCallTest -->
    </test> <!-- Default test -->
  </suite> <!-- Default suite -->
</testng-results>
